
-----
Test: tests/test_ritm.py::test_ritm_task (call)
Start time: 2023-03-06 17:36:15.888826
Start name method: go_to_elements_page

End time: 2023-03-06 17:36:16.196451
End name method: go_to_elements_page
URL: https://demoqa.com/elements

-----

-----
Test: tests/test_ritm.py::test_ritm_task (call)
Start time: 2023-03-06 17:36:16.198445
Start name method: go_to_checkbox_page

End time: 2023-03-06 17:36:16.614913
End name method: go_to_checkbox_page
URL: https://demoqa.com/checkbox

-----

-----
Test: tests/test_ritm.py::test_ritm_task (call)
Start time: 2023-03-06 17:36:16.615908
Start name method: choose_word_file

End time: 2023-03-06 17:36:17.142910
End name method: choose_word_file
URL: https://demoqa.com/checkbox

-----
